<?xml version="1.0" encoding="UTF-8"?>
<testng-results ignored="0" total="1" passed="1" failed="0" skipped="0">
  <reporter-output>
  </reporter-output>
  <suite started-at="2020-12-28T03:02:28Z" name="Default suite" finished-at="2020-12-28T03:03:03Z" duration-ms="34929">
    <groups>
    </groups>
    <test started-at="2020-12-28T03:02:28Z" name="Default test" finished-at="2020-12-28T03:03:03Z" duration-ms="34929">
      <class name="com.visionit.BankingProject.testCases.Login_TestCase_01">
        <test-method is-config="true" signature="setUp()[pri:0, instance:com.visionit.BankingProject.testCases.Login_TestCase_01@4816278d]" started-at="2020-12-28T03:02:28Z" name="setUp" finished-at="2020-12-28T03:02:41Z" duration-ms="13162" status="PASS">
          <reporter-output>
          </reporter-output>
        </test-method> <!-- setUp -->
        <test-method signature="loginGuru99BankTest()[pri:0, instance:com.visionit.BankingProject.testCases.Login_TestCase_01@4816278d]" started-at="2020-12-28T03:02:41Z" name="loginGuru99BankTest" finished-at="2020-12-28T03:03:02Z" duration-ms="20740" status="PASS">
          <reporter-output>
          </reporter-output>
        </test-method> <!-- loginGuru99BankTest -->
        <test-method is-config="true" signature="tearDown()[pri:0, instance:com.visionit.BankingProject.testCases.Login_TestCase_01@4816278d]" started-at="2020-12-28T03:03:02Z" name="tearDown" finished-at="2020-12-28T03:03:03Z" duration-ms="994" status="PASS">
          <reporter-output>
          </reporter-output>
        </test-method> <!-- tearDown -->
      </class> <!-- com.visionit.BankingProject.testCases.Login_TestCase_01 -->
    </test> <!-- Default test -->
  </suite> <!-- Default suite -->
</testng-results>
